[debug] [2026-04-21T20:09:34.909Z] ----------------------------------------------------------------------
[debug] [2026-04-21T20:09:34.910Z] Command:       /Users/antonio/.nvm/versions/node/v24.7.0/bin/node /Users/antonio/.nvm/versions/node/v24.7.0/bin/firebase deploy
[debug] [2026-04-21T20:09:34.910Z] CLI Version:   15.9.1
[debug] [2026-04-21T20:09:34.910Z] Platform:      darwin
[debug] [2026-04-21T20:09:34.910Z] Node Version:  v24.7.0
[debug] [2026-04-21T20:09:34.910Z] Time:          Tue Apr 21 2026 13:09:34 GMT-0700 (Pacific Daylight Time)
[debug] [2026-04-21T20:09:34.910Z] ----------------------------------------------------------------------
[debug] 
[debug] [2026-04-21T20:09:35.575Z] > command requires scopes: ["email","openid","https://www.googleapis.com/auth/cloudplatformprojects.readonly","https://www.googleapis.com/auth/firebase","https://www.googleapis.com/auth/cloud-platform"]
[debug] [2026-04-21T20:09:35.576Z] > authorizing via signed-in user (antonioalx66@gmail.com)
[debug] [2026-04-21T20:09:35.576Z] [iam] checking project swag-trackerng for permissions ["datastore.indexes.create","datastore.indexes.delete","datastore.indexes.list","datastore.indexes.update","firebase.projects.get","firebase.projects.update","firebaseauth.configs.update","firebasehosting.sites.update","firebaserules.releases.create","firebaserules.releases.update","firebaserules.rulesets.create"]
[debug] [2026-04-21T20:09:35.576Z] Checked if tokens are valid: true, expires at: 1776804722922
[debug] [2026-04-21T20:09:35.576Z] Checked if tokens are valid: true, expires at: 1776804722922
[debug] [2026-04-21T20:09:35.576Z] >>> [apiv2][query] POST https://cloudresourcemanager.googleapis.com/v1/projects/swag-trackerng:testIamPermissions [none]
[debug] [2026-04-21T20:09:35.576Z] >>> [apiv2][(partial)header] POST https://cloudresourcemanager.googleapis.com/v1/projects/swag-trackerng:testIamPermissions  x-goog-user-project=swag-trackerng
[debug] [2026-04-21T20:09:35.576Z] >>> [apiv2][body] POST https://cloudresourcemanager.googleapis.com/v1/projects/swag-trackerng:testIamPermissions {"permissions":["datastore.indexes.create","datastore.indexes.delete","datastore.indexes.list","datastore.indexes.update","firebase.projects.get","firebase.projects.update","firebaseauth.configs.update","firebasehosting.sites.update","firebaserules.releases.create","firebaserules.releases.update","firebaserules.rulesets.create"]}
[debug] [2026-04-21T20:09:36.134Z] <<< [apiv2][status] POST https://cloudresourcemanager.googleapis.com/v1/projects/swag-trackerng:testIamPermissions 200
[debug] [2026-04-21T20:09:36.134Z] <<< [apiv2][body] POST https://cloudresourcemanager.googleapis.com/v1/projects/swag-trackerng:testIamPermissions {"permissions":["datastore.indexes.create","datastore.indexes.delete","datastore.indexes.list","datastore.indexes.update","firebase.projects.get","firebase.projects.update","firebaseauth.configs.update","firebasehosting.sites.update","firebaserules.releases.create","firebaserules.releases.update","firebaserules.rulesets.create"]}
[debug] [2026-04-21T20:09:36.135Z] Checked if tokens are valid: true, expires at: 1776804722922
[debug] [2026-04-21T20:09:36.135Z] Checked if tokens are valid: true, expires at: 1776804722922
[debug] [2026-04-21T20:09:36.135Z] >>> [apiv2][query] GET https://firebase.googleapis.com/v1beta1/projects/swag-trackerng [none]
[debug] [2026-04-21T20:09:36.784Z] <<< [apiv2][status] GET https://firebase.googleapis.com/v1beta1/projects/swag-trackerng 200
[debug] [2026-04-21T20:09:36.784Z] <<< [apiv2][body] GET https://firebase.googleapis.com/v1beta1/projects/swag-trackerng {"projectId":"swag-trackerng","projectNumber":"244448341905","displayName":"swag-trackerng","name":"projects/swag-trackerng","resources":{"hostingSite":"swag-trackerng"},"state":"ACTIVE","etag":"1_1f9dbc17-7237-41c5-9fc1-b05968beefb8"}
[debug] [2026-04-21T20:09:37.805Z] Checked if tokens are valid: true, expires at: 1776804722922
[debug] [2026-04-21T20:09:37.805Z] Checked if tokens are valid: true, expires at: 1776804722922
[debug] [2026-04-21T20:09:37.805Z] >>> [apiv2][query] GET https://firebasehosting.googleapis.com/v1beta1/projects/swag-trackerng/sites pageToken=&pageSize=10
[debug] [2026-04-21T20:09:38.964Z] <<< [apiv2][status] GET https://firebasehosting.googleapis.com/v1beta1/projects/swag-trackerng/sites 200
[debug] [2026-04-21T20:09:38.964Z] <<< [apiv2][body] GET https://firebasehosting.googleapis.com/v1beta1/projects/swag-trackerng/sites {"sites":[{"name":"projects/swag-trackerng/sites/swag-trackerng","defaultUrl":"https://swag-trackerng.web.app","type":"DEFAULT_SITE"}]}
[debug] [2026-04-21T20:09:38.964Z] Checked if tokens are valid: true, expires at: 1776804722922
[debug] [2026-04-21T20:09:38.964Z] Checked if tokens are valid: true, expires at: 1776804722922
[debug] [2026-04-21T20:09:38.964Z] >>> [apiv2][query] GET https://firebasehosting.googleapis.com/v1beta1/projects/swag-trackerng/sites 
[debug] [2026-04-21T20:09:39.526Z] <<< [apiv2][status] GET https://firebasehosting.googleapis.com/v1beta1/projects/swag-trackerng/sites 200
[debug] [2026-04-21T20:09:39.527Z] <<< [apiv2][body] GET https://firebasehosting.googleapis.com/v1beta1/projects/swag-trackerng/sites {"sites":[{"name":"projects/swag-trackerng/sites/swag-trackerng","defaultUrl":"https://swag-trackerng.web.app","type":"DEFAULT_SITE"}]}
[debug] [2026-04-21T20:09:39.527Z] Checked if tokens are valid: true, expires at: 1776804722922
[debug] [2026-04-21T20:09:39.527Z] Checked if tokens are valid: true, expires at: 1776804722922
[debug] [2026-04-21T20:09:39.527Z] >>> [apiv2][query] GET https://firebase.googleapis.com/v1beta1/projects/swag-trackerng/webApps/-/config [none]
[debug] [2026-04-21T20:09:39.931Z] <<< [apiv2][status] GET https://firebase.googleapis.com/v1beta1/projects/swag-trackerng/webApps/-/config 200
[debug] [2026-04-21T20:09:39.931Z] <<< [apiv2][body] GET https://firebase.googleapis.com/v1beta1/projects/swag-trackerng/webApps/-/config {"projectId":"swag-trackerng","appId":"1:244448341905:web:342c60548d42f5ef347430","storageBucket":"swag-trackerng.firebasestorage.app","apiKey":"AIzaSyBhVxMVeMZaTQnWIN8gTKdOH9v3VTud_3Y","authDomain":"swag-trackerng.firebaseapp.com","messagingSenderId":"244448341905","projectNumber":"244448341905","version":"2"}
[info] 
   Thank you for trying our early preview of Angular support on Firebase Hosting.
   During the preview, support is best-effort and breaking changes can be expected. Proceed with caution.
   The integration is known to work with Angular version 16 - 20. You may encounter errors.

   Documentation: https://firebase.google.com/docs/hosting/frameworks/angular
   File a bug: https://github.com/firebase/firebase-tools/issues/new?template=bug_report.md
   Submit a feature request: https://github.com/firebase/firebase-tools/issues/new?template=feature_request.md

   We'd love to learn from you. Express your interest in helping us shape the future of Firebase Hosting: https://goo.gle/41enW5X

[debug] [2026-04-21T20:09:46.397Z] [web frameworks] effective firebase.json:  {
  "hosting": [
    {
      "source": ".",
      "ignore": [
        "firebase.json",
        "**/.*",
        "**/node_modules/**"
      ],
      "frameworksBackend": {
        "region": "us-east1"
      },
      "site": "swag-trackerng",
      "rewrites": [
        {
          "source": "/**",
          "destination": "/index.html"
        }
      ],
      "redirects": [],
      "headers": [
        {
          "source": "/**/*.[jt]s",
          "headers": [
            {
              "key": "Set-Cookie",
              "value": "__FIREBASE_DEFAULTS__=eyJjb25maWciOnsicHJvamVjdElkIjoic3dhZy10cmFja2VybmciLCJhcHBJZCI6IjE6MjQ0NDQ4MzQxOTA1OndlYjozNDJjNjA1NDhkNDJmNWVmMzQ3NDMwIiwic3RvcmFnZUJ1Y2tldCI6InN3YWctdHJhY2tlcm5nLmZpcmViYXNlc3RvcmFnZS5hcHAiLCJhcGlLZXkiOiJBSXphU3lCaFZ4TVZlTVphVFFuV0lOOGdUS2RPSDl2M1ZUdWRfM1kiLCJhdXRoRG9tYWluIjoic3dhZy10cmFja2VybmcuZmlyZWJhc2VhcHAuY29tIiwibWVzc2FnaW5nU2VuZGVySWQiOiIyNDQ0NDgzNDE5MDUiLCJwcm9qZWN0TnVtYmVyIjoiMjQ0NDQ4MzQxOTA1IiwidmVyc2lvbiI6IjIifX0; SameSite=Strict; Expires=2028-03-16T06:49:46.397Z; Path=/;"
            }
          ]
        }
      ],
      "cleanUrls": true,
      "i18n": {
        "root": "/"
      },
      "public": ".firebase/swag-trackerng/hosting",
      "webFramework": "angular"
    }
  ]
}
[info] 
[info] === Deploying to 'swag-trackerng'...
[info] 
[info] i  deploying storage, firestore, hosting, auth 
[info] i  storage: ensuring required API firebasestorage.googleapis.com is enabled... 
[debug] [2026-04-21T20:09:46.398Z] Checked if tokens are valid: true, expires at: 1776804722922
[debug] [2026-04-21T20:09:46.398Z] Checked if tokens are valid: true, expires at: 1776804722922
[debug] [2026-04-21T20:09:46.398Z] >>> [apiv2][query] GET https://firebasestorage.googleapis.com/v1alpha/projects/swag-trackerng/defaultBucket [none]
[debug] [2026-04-21T20:09:47.141Z] <<< [apiv2][status] GET https://firebasestorage.googleapis.com/v1alpha/projects/swag-trackerng/defaultBucket 200
[debug] [2026-04-21T20:09:47.142Z] <<< [apiv2][body] GET https://firebasestorage.googleapis.com/v1alpha/projects/swag-trackerng/defaultBucket {"name":"projects/swag-trackerng/defaultBucket","location":"US-EAST1","bucket":{"name":"projects/swag-trackerng/buckets/swag-trackerng.firebasestorage.app"},"storageClass":"REGIONAL"}
[info] i  firebase.storage: checking storage.rules for compilation errors... 
[debug] [2026-04-21T20:09:47.145Z] Checked if tokens are valid: true, expires at: 1776804722922
[debug] [2026-04-21T20:09:47.145Z] Checked if tokens are valid: true, expires at: 1776804722922
[debug] [2026-04-21T20:09:47.145Z] >>> [apiv2][query] POST https://firebaserules.googleapis.com/v1/projects/swag-trackerng:test [none]
[debug] [2026-04-21T20:09:47.145Z] >>> [apiv2][body] POST https://firebaserules.googleapis.com/v1/projects/swag-trackerng:test [omitted]
[debug] [2026-04-21T20:09:47.699Z] <<< [apiv2][status] POST https://firebaserules.googleapis.com/v1/projects/swag-trackerng:test 200
[debug] [2026-04-21T20:09:47.699Z] <<< [apiv2][body] POST https://firebaserules.googleapis.com/v1/projects/swag-trackerng:test {}
[info] ✔  firebase.storage: rules file storage.rules compiled successfully 
[info] i  firestore: ensuring required API firestore.googleapis.com is enabled... 
[info] i  firestore: ensuring required API firestore.googleapis.com is enabled... 
[debug] [2026-04-21T20:09:47.702Z] Checked if tokens are valid: true, expires at: 1776804722922
[debug] [2026-04-21T20:09:47.702Z] Checked if tokens are valid: true, expires at: 1776804722922
[debug] [2026-04-21T20:09:47.703Z] >>> [apiv2][query] GET https://firestore.googleapis.com/v1/projects/swag-trackerng/databases/(default) [none]
[debug] [2026-04-21T20:09:48.404Z] <<< [apiv2][status] GET https://firestore.googleapis.com/v1/projects/swag-trackerng/databases/(default) 200
[debug] [2026-04-21T20:09:48.405Z] <<< [apiv2][body] GET https://firestore.googleapis.com/v1/projects/swag-trackerng/databases/(default) {"name":"projects/swag-trackerng/databases/(default)","uid":"3968cec2-d701-4ae8-a6f4-534487f64346","createTime":"2026-04-21T18:26:17.183674Z","updateTime":"2026-04-21T18:26:17.183674Z","locationId":"nam5","type":"FIRESTORE_NATIVE","concurrencyMode":"PESSIMISTIC","versionRetentionPeriod":"3600s","earliestVersionTime":"2026-04-21T19:09:48.380494Z","appEngineIntegrationMode":"DISABLED","keyPrefix":"s","pointInTimeRecoveryEnablement":"POINT_IN_TIME_RECOVERY_DISABLED","deleteProtectionState":"DELETE_PROTECTION_DISABLED","databaseEdition":"STANDARD","freeTier":true,"realtimeUpdatesMode":"REALTIME_UPDATES_MODE_ENABLED","etag":"IKaNmfrf/5MDMNaqmPDI/5MD"}
[info] i  firestore: reading indexes from firestore.indexes.json... 
[info] i  cloud.firestore: checking firestore.rules for compilation errors... 
[debug] [2026-04-21T20:09:48.408Z] Checked if tokens are valid: true, expires at: 1776804722922
[debug] [2026-04-21T20:09:48.408Z] Checked if tokens are valid: true, expires at: 1776804722922
[debug] [2026-04-21T20:09:48.408Z] >>> [apiv2][query] POST https://firebaserules.googleapis.com/v1/projects/swag-trackerng:test [none]
[debug] [2026-04-21T20:09:48.408Z] >>> [apiv2][body] POST https://firebaserules.googleapis.com/v1/projects/swag-trackerng:test [omitted]
[debug] [2026-04-21T20:09:48.716Z] <<< [apiv2][status] POST https://firebaserules.googleapis.com/v1/projects/swag-trackerng:test 200
[debug] [2026-04-21T20:09:48.716Z] <<< [apiv2][body] POST https://firebaserules.googleapis.com/v1/projects/swag-trackerng:test {}
[info] ✔  cloud.firestore: rules file firestore.rules compiled successfully 
[debug] [2026-04-21T20:09:48.718Z] Checked if tokens are valid: true, expires at: 1776804722922
[debug] [2026-04-21T20:09:48.718Z] Checked if tokens are valid: true, expires at: 1776804722922
[debug] [2026-04-21T20:09:48.718Z] >>> [apiv2][query] POST https://firebasehosting.googleapis.com/v1beta1/projects/-/sites/swag-trackerng/versions [none]
[debug] [2026-04-21T20:09:48.718Z] >>> [apiv2][body] POST https://firebasehosting.googleapis.com/v1beta1/projects/-/sites/swag-trackerng/versions {"status":"CREATED","labels":{"deployment-tool":"cli-firebase","firebase-web-framework":"angular"}}
[debug] [2026-04-21T20:09:49.963Z] <<< [apiv2][status] POST https://firebasehosting.googleapis.com/v1beta1/projects/-/sites/swag-trackerng/versions 200
[debug] [2026-04-21T20:09:49.964Z] <<< [apiv2][body] POST https://firebasehosting.googleapis.com/v1beta1/projects/-/sites/swag-trackerng/versions {"name":"projects/244448341905/sites/swag-trackerng/versions/9c30079058e3c7f5","status":"CREATED","config":{},"labels":{"deployment-tool":"cli-firebase","firebase-web-framework":"angular"}}
[debug] [2026-04-21T20:09:49.964Z] Checked if tokens are valid: true, expires at: 1776804722922
[debug] [2026-04-21T20:09:49.964Z] Checked if tokens are valid: true, expires at: 1776804722922
[debug] [2026-04-21T20:09:49.965Z] >>> [apiv2][query] GET https://firebase.googleapis.com/v1beta1/projects/swag-trackerng/webApps pageSize=100
[debug] [2026-04-21T20:09:50.472Z] <<< [apiv2][status] GET https://firebase.googleapis.com/v1beta1/projects/swag-trackerng/webApps 200
[debug] [2026-04-21T20:09:50.472Z] <<< [apiv2][body] GET https://firebase.googleapis.com/v1beta1/projects/swag-trackerng/webApps {"apps":[{"name":"projects/swag-trackerng/webApps/1:244448341905:web:342c60548d42f5ef347430","appId":"1:244448341905:web:342c60548d42f5ef347430","displayName":"Default Web App","projectId":"swag-trackerng","webId":"Y2MxNWZmN2MtM2M1OS00NDUyLWFjNzUtZDFjNjYzOTljMjgz","apiKeyId":"89761cfe-cf44-432f-b754-1bde699312b0","state":"ACTIVE","expireTime":"1970-01-01T00:00:00Z","etag":"1_0a47360c-b9a8-4989-a5b0-6e306692043c"}]}
[debug] [2026-04-21T20:09:50.473Z] Checked if tokens are valid: true, expires at: 1776804722922
[debug] [2026-04-21T20:09:50.473Z] Checked if tokens are valid: true, expires at: 1776804722922
[debug] [2026-04-21T20:09:50.474Z] >>> [apiv2][query] GET https://firebaserules.googleapis.com/v1/projects/swag-trackerng/releases pageSize=10&pageToken=
[debug] [2026-04-21T20:09:50.831Z] <<< [apiv2][status] GET https://firebaserules.googleapis.com/v1/projects/swag-trackerng/releases 200
[debug] [2026-04-21T20:09:50.831Z] <<< [apiv2][body] GET https://firebaserules.googleapis.com/v1/projects/swag-trackerng/releases {"releases":[{"name":"projects/swag-trackerng/releases/cloud.firestore","rulesetName":"projects/swag-trackerng/rulesets/b02a6c85-f241-485a-b664-8d7b67a173c5","createTime":"2026-04-21T18:26:52.078527Z","updateTime":"2026-04-21T20:05:52.561471Z"},{"name":"projects/swag-trackerng/releases/firebase.storage/swag-trackerng.firebasestorage.app","rulesetName":"projects/swag-trackerng/rulesets/9bb385c3-a86e-4abf-9c31-8829d79d7526","createTime":"2026-04-21T18:47:51.621215Z","updateTime":"2026-04-21T19:57:09.775423Z"}]}
[debug] [2026-04-21T20:09:50.833Z] Checked if tokens are valid: true, expires at: 1776804722922
[debug] [2026-04-21T20:09:50.833Z] Checked if tokens are valid: true, expires at: 1776804722922
[debug] [2026-04-21T20:09:50.833Z] >>> [apiv2][query] GET https://firebaserules.googleapis.com/v1/projects/swag-trackerng/rulesets/9bb385c3-a86e-4abf-9c31-8829d79d7526 [none]
[debug] [2026-04-21T20:09:51.139Z] <<< [apiv2][status] GET https://firebaserules.googleapis.com/v1/projects/swag-trackerng/rulesets/9bb385c3-a86e-4abf-9c31-8829d79d7526 200
[debug] [2026-04-21T20:09:51.139Z] <<< [apiv2][body] GET https://firebaserules.googleapis.com/v1/projects/swag-trackerng/rulesets/9bb385c3-a86e-4abf-9c31-8829d79d7526 [omitted]
[info] i  storage: latest version of storage.rules already up to date, skipping upload... 
[debug] [2026-04-21T20:09:51.140Z] Checked if tokens are valid: true, expires at: 1776804722922
[debug] [2026-04-21T20:09:51.140Z] Checked if tokens are valid: true, expires at: 1776804722922
[debug] [2026-04-21T20:09:51.140Z] >>> [apiv2][query] GET https://firebaserules.googleapis.com/v1/projects/swag-trackerng/releases pageSize=10&pageToken=
[debug] [2026-04-21T20:09:51.465Z] <<< [apiv2][status] GET https://firebaserules.googleapis.com/v1/projects/swag-trackerng/releases 200
[debug] [2026-04-21T20:09:51.465Z] <<< [apiv2][body] GET https://firebaserules.googleapis.com/v1/projects/swag-trackerng/releases {"releases":[{"name":"projects/swag-trackerng/releases/cloud.firestore","rulesetName":"projects/swag-trackerng/rulesets/b02a6c85-f241-485a-b664-8d7b67a173c5","createTime":"2026-04-21T18:26:52.078527Z","updateTime":"2026-04-21T20:05:52.561471Z"},{"name":"projects/swag-trackerng/releases/firebase.storage/swag-trackerng.firebasestorage.app","rulesetName":"projects/swag-trackerng/rulesets/9bb385c3-a86e-4abf-9c31-8829d79d7526","createTime":"2026-04-21T18:47:51.621215Z","updateTime":"2026-04-21T19:57:09.775423Z"}]}
[debug] [2026-04-21T20:09:51.465Z] Checked if tokens are valid: true, expires at: 1776804722922
[debug] [2026-04-21T20:09:51.465Z] Checked if tokens are valid: true, expires at: 1776804722922
[debug] [2026-04-21T20:09:51.465Z] >>> [apiv2][query] GET https://firebaserules.googleapis.com/v1/projects/swag-trackerng/rulesets/b02a6c85-f241-485a-b664-8d7b67a173c5 [none]
[debug] [2026-04-21T20:09:51.860Z] <<< [apiv2][status] GET https://firebaserules.googleapis.com/v1/projects/swag-trackerng/rulesets/b02a6c85-f241-485a-b664-8d7b67a173c5 200
[debug] [2026-04-21T20:09:51.860Z] <<< [apiv2][body] GET https://firebaserules.googleapis.com/v1/projects/swag-trackerng/rulesets/b02a6c85-f241-485a-b664-8d7b67a173c5 [omitted]
[info] i  firestore: latest version of firestore.rules already up to date, skipping upload... 
[info] i  firestore: deploying indexes... 
[debug] [2026-04-21T20:09:51.861Z] Checked if tokens are valid: true, expires at: 1776804722922
[debug] [2026-04-21T20:09:51.861Z] Checked if tokens are valid: true, expires at: 1776804722922
[debug] [2026-04-21T20:09:51.861Z] >>> [apiv2][query] GET https://firestore.googleapis.com/v1/projects/swag-trackerng/databases/(default)/collectionGroups/-/indexes [none]
[debug] [2026-04-21T20:09:52.102Z] <<< [apiv2][status] GET https://firestore.googleapis.com/v1/projects/swag-trackerng/databases/(default)/collectionGroups/-/indexes 200
[debug] [2026-04-21T20:09:52.102Z] <<< [apiv2][body] GET https://firestore.googleapis.com/v1/projects/swag-trackerng/databases/(default)/collectionGroups/-/indexes {}
[debug] [2026-04-21T20:09:52.102Z] Checked if tokens are valid: true, expires at: 1776804722922
[debug] [2026-04-21T20:09:52.102Z] Checked if tokens are valid: true, expires at: 1776804722922
[debug] [2026-04-21T20:09:52.102Z] >>> [apiv2][query] GET https://firestore.googleapis.com/v1/projects/swag-trackerng/databases/(default)/collectionGroups/-/fields?filter=indexConfig.usesAncestorConfig=false OR ttlConfig:* [none]
[debug] [2026-04-21T20:09:52.382Z] <<< [apiv2][status] GET https://firestore.googleapis.com/v1/projects/swag-trackerng/databases/(default)/collectionGroups/-/fields?filter=indexConfig.usesAncestorConfig=false OR ttlConfig:* 200
[debug] [2026-04-21T20:09:52.382Z] <<< [apiv2][body] GET https://firestore.googleapis.com/v1/projects/swag-trackerng/databases/(default)/collectionGroups/-/fields?filter=indexConfig.usesAncestorConfig=false OR ttlConfig:* {"fields":[{"name":"projects/swag-trackerng/databases/(default)/collectionGroups/__default__/fields/*","indexConfig":{"indexes":[{"queryScope":"COLLECTION","fields":[{"fieldPath":"*","order":"ASCENDING"}],"state":"READY"},{"queryScope":"COLLECTION","fields":[{"fieldPath":"*","order":"DESCENDING"}],"state":"READY"},{"queryScope":"COLLECTION","fields":[{"fieldPath":"*","arrayConfig":"CONTAINS"}],"state":"READY"}]}}]}
[debug] [2026-04-21T20:09:52.383Z] Checked if tokens are valid: true, expires at: 1776804722922
[debug] [2026-04-21T20:09:52.383Z] Checked if tokens are valid: true, expires at: 1776804722922
[debug] [2026-04-21T20:09:52.383Z] >>> [apiv2][query] GET https://firestore.googleapis.com/v1/projects/swag-trackerng/databases/(default) [none]
[debug] [2026-04-21T20:09:52.614Z] <<< [apiv2][status] GET https://firestore.googleapis.com/v1/projects/swag-trackerng/databases/(default) 200
[debug] [2026-04-21T20:09:52.614Z] <<< [apiv2][body] GET https://firestore.googleapis.com/v1/projects/swag-trackerng/databases/(default) {"name":"projects/swag-trackerng/databases/(default)","uid":"3968cec2-d701-4ae8-a6f4-534487f64346","createTime":"2026-04-21T18:26:17.183674Z","updateTime":"2026-04-21T18:26:17.183674Z","locationId":"nam5","type":"FIRESTORE_NATIVE","concurrencyMode":"PESSIMISTIC","versionRetentionPeriod":"3600s","earliestVersionTime":"2026-04-21T19:09:52.592242Z","appEngineIntegrationMode":"DISABLED","keyPrefix":"s","pointInTimeRecoveryEnablement":"POINT_IN_TIME_RECOVERY_DISABLED","deleteProtectionState":"DELETE_PROTECTION_DISABLED","databaseEdition":"STANDARD","freeTier":true,"realtimeUpdatesMode":"REALTIME_UPDATES_MODE_ENABLED","etag":"IO2Tmvzf/5MDMNaqmPDI/5MD"}
[info] ✔  firestore: deployed indexes in firestore.indexes.json successfully for (default) database 
[info] i  hosting[swag-trackerng]: beginning deploy... 
[info] i  hosting[swag-trackerng]: found 10 files in .firebase/swag-trackerng/hosting 
[debug] [2026-04-21T20:09:52.628Z] [hosting] uploading with 200 concurrency
[debug] [2026-04-21T20:09:52.659Z] Checked if tokens are valid: true, expires at: 1776804722922
[debug] [2026-04-21T20:09:52.659Z] Checked if tokens are valid: true, expires at: 1776804722922
[debug] [2026-04-21T20:09:52.660Z] [hosting] hash cache [LmZpcmViYXNlL3N3YWctdHJhY2tlcm5nL2hvc3Rpbmc] stored for 10 files
[debug] [2026-04-21T20:09:52.660Z] [hosting][hash queue][FINAL] {"max":24,"min":5,"avg":7.5,"active":0,"complete":10,"success":10,"errored":0,"retried":0,"total":10,"elapsed":28}
[debug] [2026-04-21T20:09:52.660Z] >>> [apiv2][query] POST https://firebasehosting.googleapis.com/v1beta1/projects/244448341905/sites/swag-trackerng/versions/9c30079058e3c7f5:populateFiles [none]
[debug] [2026-04-21T20:09:52.660Z] >>> [apiv2][body] POST https://firebasehosting.googleapis.com/v1beta1/projects/244448341905/sites/swag-trackerng/versions/9c30079058e3c7f5:populateFiles {"files":{"/main-YFHZNJNZ.js":"664824d36cc51fe7af972ed82f07073d4467731bceac9042db7fc58844f30be8","/index.html":"a93dc0cbd1f8e2deed31cd150cf1e7f2e52441d148844d5729fc5c147bfbd512","/chunk-TO4WKK2Z.js":"b33106f3ae076535fb8a6e3f93700a1724b85b6bc5e092b8fe7f0c57968843d8","/chunk-R6ZDOMM4.js":"e4453b4bb20feb03e416b4da53484c38cb80c622eaef4506117e69550ef8b9e6","/chunk-XVANDKMD.js":"10f9a944e828c2d644d2e9c34faf91880959e02c1ebb543bd0f0a2a22123095e","/chunk-G7F7MVEK.js":"a1528a405326b94eadc69c8d773ba5c18ed35a377773cc84468db8c08d35c4b6","/styles-BNUERTDD.css":"455fa7c01f68c5097868758f7cdac5b2169baeb36d63e387c7bdab084e8246a6","/chunk-4Q4YVPWI.js":"b0d8a7b7344824dca333547404616d4429d8fdbbb00c3de7aafaed91cc57a2f3","/favicon.ico":"8f1fc0f94ae643bb8757c3cb49f69bf6cb2228f632cb77c7e47d8ee3995d88a7","/chunk-2BKC4RVV.js":"e2124c0eda9501757a7aacce437f01bd7d70f689835614fdb65d2043fcf3752e"}}
